2014-02-17 12:58:39 Error: Fatal Error (64): require() [http://php.net/function.require]: Failed opening required '/srv/www/evoke2014/Vendor/facebook/php-sdk/src/facebook.php' (include_path='/srv/www/evoke2014/Vendor/pear-pear.cakephp.org/CakePHP:.:/usr/share/php:/usr/share/pear') in [/srv/www/evoke2014/Controller/UsersController.php, line 5]
2014-02-17 12:58:39 Error: [FatalErrorException] require() [http://php.net/function.require]: Failed opening required '/srv/www/evoke2014/Vendor/facebook/php-sdk/src/facebook.php' (include_path='/srv/www/evoke2014/Vendor/pear-pear.cakephp.org/CakePHP:.:/usr/share/php:/usr/share/pear')
Request URL: /evoke2014/users/login
Stack Trace:
#0 /srv/www/evoke2014/Vendor/pear-pear.cakephp.org/CakePHP/Cake/Error/ErrorHandler.php(203): ErrorHandler::handleFatalError(64, 'require() [http...', '/srv/www/evoke2...', 5)
#1 [internal function]: ErrorHandler::handleError(64, 'require() [http...', '/srv/www/evoke2...', 5, Array)
#2 /srv/www/evoke2014/Vendor/pear-pear.cakephp.org/CakePHP/Cake/Core/App.php(929): call_user_func('ErrorHandler::h...', 64, 'require() [http...', '/srv/www/evoke2...', 5, Array)
#3 /srv/www/evoke2014/Vendor/pear-pear.cakephp.org/CakePHP/Cake/Core/App.php(902): App::_checkFatalError()
#4 [internal function]: App::shutdown()
#5 {main}
2014-02-17 12:58:40 Error: [MissingControllerException] Controller class ComponentsController could not be found.
Exception Attributes: array (
  'class' => 'ComponentsController',
  'plugin' => NULL,
)
Request URL: /evoke2014/components/jquery/dist/jquery.min.js
Stack Trace:
#0 /srv/www/evoke2014/webroot/index.php(99): Dispatcher->dispatch(Object(CakeRequest), Object(CakeResponse))
#1 {main}
2014-02-17 12:59:21 Error: Fatal Error (64): require() [http://php.net/function.require]: Failed opening required '/srv/www/evoke2014/Vendor/facebook/php-sdk/src/facebook.php' (include_path='/srv/www/evoke2014/Vendor/pear-pear.cakephp.org/CakePHP:.:/usr/share/php:/usr/share/pear') in [/srv/www/evoke2014/Controller/UsersController.php, line 5]
2014-02-17 12:59:21 Error: [FatalErrorException] require() [http://php.net/function.require]: Failed opening required '/srv/www/evoke2014/Vendor/facebook/php-sdk/src/facebook.php' (include_path='/srv/www/evoke2014/Vendor/pear-pear.cakephp.org/CakePHP:.:/usr/share/php:/usr/share/pear')
Request URL: /evoke2014/users/login
Stack Trace:
#0 /srv/www/evoke2014/Vendor/pear-pear.cakephp.org/CakePHP/Cake/Error/ErrorHandler.php(203): ErrorHandler::handleFatalError(64, 'require() [http...', '/srv/www/evoke2...', 5)
#1 [internal function]: ErrorHandler::handleError(64, 'require() [http...', '/srv/www/evoke2...', 5, Array)
#2 /srv/www/evoke2014/Vendor/pear-pear.cakephp.org/CakePHP/Cake/Core/App.php(929): call_user_func('ErrorHandler::h...', 64, 'require() [http...', '/srv/www/evoke2...', 5, Array)
#3 /srv/www/evoke2014/Vendor/pear-pear.cakephp.org/CakePHP/Cake/Core/App.php(902): App::_checkFatalError()
#4 [internal function]: App::shutdown()
#5 {main}
2014-02-17 12:59:21 Error: [MissingControllerException] Controller class ComponentsController could not be found.
Exception Attributes: array (
  'class' => 'ComponentsController',
  'plugin' => NULL,
)
Request URL: /evoke2014/components/jquery/dist/jquery.min.js
Stack Trace:
#0 /srv/www/evoke2014/webroot/index.php(99): Dispatcher->dispatch(Object(CakeRequest), Object(CakeResponse))
#1 {main}
2014-02-17 11:52:14 Error: [MissingControllerException] Controller class ComponentsController could not be found.
Exception Attributes: array (
  'class' => 'ComponentsController',
  'plugin' => NULL,
)
Request URL: /evoke/components/jquery/dist/jquery.min.js
Stack Trace:
#0 /home/msoledade/www/evoke/webroot/index.php(99): Dispatcher->dispatch(Object(CakeRequest), Object(CakeResponse))
#1 {main}
2014-02-17 12:12:34 Error: [PDOException] SQLSTATE[42S22]: Column not found: 1054 Unknown column 'facebook_id' in 'where clause'
Request URL: /evoke/users/login?code=AQBLQ3s3Vx4ecYkWtYr0PkyVlTBJ1tN2xPrth-2g1b_NrHPiD0KPwBeiiIcsH12wi7OSChjXgHSZyz_iFmvaLjdDTNrlRI6sfGblApEWW_B4l-EIZFYH71HRefPOEgnCcBm0pEhmlCuIO4kPfDRcsxdArP4HtMinlEgAR81of2K6NCQOKEe9-W3nAEENdb-djxzs0tLXYgMIKjoe8wV5wE-8IMXOvkOD8dzzdDezbLX9k1WykG0cer7E27M72eejvdatgRxKjhT9h4S2_Iq4JK5X5IPL3GpO43Cp68ZXoGRdWGMJpphiQGN_jI231KucPOo&state=b9435ade53a1c4bc87411a448a53b173
Stack Trace:
#0 /home/msoledade/www/evoke/Vendor/pear-pear.cakephp.org/CakePHP/Cake/Model/Datasource/DboSource.php(458): PDOStatement->execute(Array)
#1 /home/msoledade/www/evoke/Vendor/pear-pear.cakephp.org/CakePHP/Cake/Model/Datasource/DboSource.php(424): DboSource->_execute('SELECT `User`.`...', Array)
#2 /home/msoledade/www/evoke/Vendor/pear-pear.cakephp.org/CakePHP/Cake/Model/Datasource/DboSource.php(665): DboSource->execute('SELECT `User`.`...', Array, Array)
#3 /home/msoledade/www/evoke/Vendor/pear-pear.cakephp.org/CakePHP/Cake/Model/Datasource/DboSource.php(1077): DboSource->fetchAll('SELECT `User`.`...', false)
#4 /home/msoledade/www/evoke/Vendor/pear-pear.cakephp.org/CakePHP/Cake/Model/Model.php(2902): DboSource->read(Object(User), Array)
#5 /home/msoledade/www/evoke/Vendor/pear-pear.cakephp.org/CakePHP/Cake/Model/Model.php(2874): Model->_readDataSource('first', Array)
#6 /home/msoledade/www/evoke/Controller/UsersController.php(56): Model->find('first', Array)
#7 [internal function]: UsersController->login()
#8 /home/msoledade/www/evoke/Vendor/pear-pear.cakephp.org/CakePHP/Cake/Controller/Controller.php(490): ReflectionMethod->invokeArgs(Object(UsersController), Array)
#9 /home/msoledade/www/evoke/Vendor/pear-pear.cakephp.org/CakePHP/Cake/Routing/Dispatcher.php(185): Controller->invokeAction(Object(CakeRequest))
#10 /home/msoledade/www/evoke/Vendor/pear-pear.cakephp.org/CakePHP/Cake/Routing/Dispatcher.php(160): Dispatcher->_invoke(Object(UsersController), Object(CakeRequest), Object(CakeResponse))
#11 /home/msoledade/www/evoke/webroot/index.php(99): Dispatcher->dispatch(Object(CakeRequest), Object(CakeResponse))
#12 {main}
